Code running with 15 processes
Total Nqpts = 40344
writing quadrature points and normals on the Kirchoff surface
0 t = 0.000000
Writing data in vts format to plot/sol-00000000.vts at t = 0.000000, step = 0
Writing data in binary to restart1.bin at t = 0.000000
Writing data in binary to restart2.bin at t = 0.000000
writing p' and p'n on Kirchoff surface kirchhoff/input/p-00000.dat
1 t = 0.002530
writing p' and p'n on Kirchoff surface kirchhoff/input/p-00001.dat
2 t = 0.005060
writing p' and p'n on Kirchoff surface kirchhoff/input/p-00002.dat
3 t = 0.007586
writing p' and p'n on Kirchoff surface kirchhoff/input/p-00003.dat
4 t = 0.010111
writing p' and p'n on Kirchoff surface kirchhoff/input/p-00004.dat
5 t = 0.012634
writing p' and p'n on Kirchoff surface kirchhoff/input/p-00005.dat
6 t = 0.015156
writing p' and p'n on Kirchoff surface kirchhoff/input/p-00006.dat
7 t = 0.017677
writing p' and p'n on Kirchoff surface kirchhoff/input/p-00007.dat
8 t = 0.020198
writing p' and p'n on Kirchoff surface kirchhoff/input/p-00008.dat
9 t = 0.022718
writing p' and p'n on Kirchoff surface kirchhoff/input/p-00009.dat
10 t = 0.025239
writing p' and p'n on Kirchoff surface kirchhoff/input/p-00010.dat
11 t = 0.027759
writing p' and p'n on Kirchoff surface kirchhoff/input/p-00011.dat
12 t = 0.030279
writing p' and p'n on Kirchoff surface kirchhoff/input/p-00012.dat
13 t = 0.032799
writing p' and p'n on Kirchoff surface kirchhoff/input/p-00013.dat
14 t = 0.035319
writing p' and p'n on Kirchoff surface kirchhoff/input/p-00014.dat
15 t = 0.037838
writing p' and p'n on Kirchoff surface kirchhoff/input/p-00015.dat
16 t = 0.040358
writing p' and p'n on Kirchoff surface kirchhoff/input/p-00016.dat
17 t = 0.042878
writing p' and p'n on Kirchoff surface kirchhoff/input/p-00017.dat
18 t = 0.045397
writing p' and p'n on Kirchoff surface kirchhoff/input/p-00018.dat
19 t = 0.047915
writing p' and p'n on Kirchoff surface kirchhoff/input/p-00019.dat
20 t = 0.050433
writing p' and p'n on Kirchoff surface kirchhoff/input/p-00020.dat
21 t = 0.052951
writing p' and p'n on Kirchoff surface kirchhoff/input/p-00021.dat
22 t = 0.055469
writing p' and p'n on Kirchoff surface kirchhoff/input/p-00022.dat
23 t = 0.057988
writing p' and p'n on Kirchoff surface kirchhoff/input/p-00023.dat
24 t = 0.060505
writing p' and p'n on Kirchoff surface kirchhoff/input/p-00024.dat
25 t = 0.063022
writing p' and p'n on Kirchoff surface kirchhoff/input/p-00025.dat
26 t = 0.065538
writing p' and p'n on Kirchoff surface kirchhoff/input/p-00026.dat
27 t = 0.068054
writing p' and p'n on Kirchoff surface kirchhoff/input/p-00027.dat
28 t = 0.070571
writing p' and p'n on Kirchoff surface kirchhoff/input/p-00028.dat
29 t = 0.073087
writing p' and p'n on Kirchoff surface kirchhoff/input/p-00029.dat
30 t = 0.075603
writing p' and p'n on Kirchoff surface kirchhoff/input/p-00030.dat
31 t = 0.078117
writing p' and p'n on Kirchoff surface kirchhoff/input/p-00031.dat
32 t = 0.080632
writing p' and p'n on Kirchoff surface kirchhoff/input/p-00032.dat
33 t = 0.083146
writing p' and p'n on Kirchoff surface kirchhoff/input/p-00033.dat
34 t = 0.085661
writing p' and p'n on Kirchoff surface kirchhoff/input/p-00034.dat
35 t = 0.088176
writing p' and p'n on Kirchoff surface kirchhoff/input/p-00035.dat
36 t = 0.090690
writing p' and p'n on Kirchoff surface kirchhoff/input/p-00036.dat
37 t = 0.093205
writing p' and p'n on Kirchoff surface kirchhoff/input/p-00037.dat
38 t = 0.095721
writing p' and p'n on Kirchoff surface kirchhoff/input/p-00038.dat
39 t = 0.098239
writing p' and p'n on Kirchoff surface kirchhoff/input/p-00039.dat
40 t = 0.100761
writing p' and p'n on Kirchoff surface kirchhoff/input/p-00040.dat
41 t = 0.103288
writing p' and p'n on Kirchoff surface kirchhoff/input/p-00041.dat
42 t = 0.105816
writing p' and p'n on Kirchoff surface kirchhoff/input/p-00042.dat
43 t = 0.108344
writing p' and p'n on Kirchoff surface kirchhoff/input/p-00043.dat
44 t = 0.110872
writing p' and p'n on Kirchoff surface kirchhoff/input/p-00044.dat
45 t = 0.113400
writing p' and p'n on Kirchoff surface kirchhoff/input/p-00045.dat
46 t = 0.115929
writing p' and p'n on Kirchoff surface kirchhoff/input/p-00046.dat
47 t = 0.118458
writing p' and p'n on Kirchoff surface kirchhoff/input/p-00047.dat
48 t = 0.120984
writing p' and p'n on Kirchoff surface kirchhoff/input/p-00048.dat
49 t = 0.123507
writing p' and p'n on Kirchoff surface kirchhoff/input/p-00049.dat
50 t = 0.126030
writing p' and p'n on Kirchoff surface kirchhoff/input/p-00050.dat
51 t = 0.128552
writing p' and p'n on Kirchoff surface kirchhoff/input/p-00051.dat
52 t = 0.131075
writing p' and p'n on Kirchoff surface kirchhoff/input/p-00052.dat
53 t = 0.133597
writing p' and p'n on Kirchoff surface kirchhoff/input/p-00053.dat
54 t = 0.136121
writing p' and p'n on Kirchoff surface kirchhoff/input/p-00054.dat
55 t = 0.138644
writing p' and p'n on Kirchoff surface kirchhoff/input/p-00055.dat
56 t = 0.141168
writing p' and p'n on Kirchoff surface kirchhoff/input/p-00056.dat
57 t = 0.143692
writing p' and p'n on Kirchoff surface kirchhoff/input/p-00057.dat
58 t = 0.146217
writing p' and p'n on Kirchoff surface kirchhoff/input/p-00058.dat
59 t = 0.148742
writing p' and p'n on Kirchoff surface kirchhoff/input/p-00059.dat
60 t = 0.151267
writing p' and p'n on Kirchoff surface kirchhoff/input/p-00060.dat
61 t = 0.153792
writing p' and p'n on Kirchoff surface kirchhoff/input/p-00061.dat
62 t = 0.156318
writing p' and p'n on Kirchoff surface kirchhoff/input/p-00062.dat
63 t = 0.158844
writing p' and p'n on Kirchoff surface kirchhoff/input/p-00063.dat
64 t = 0.161371
writing p' and p'n on Kirchoff surface kirchhoff/input/p-00064.dat
65 t = 0.163897
writing p' and p'n on Kirchoff surface kirchhoff/input/p-00065.dat
66 t = 0.166424
writing p' and p'n on Kirchoff surface kirchhoff/input/p-00066.dat
67 t = 0.168951
writing p' and p'n on Kirchoff surface kirchhoff/input/p-00067.dat
68 t = 0.171479
writing p' and p'n on Kirchoff surface kirchhoff/input/p-00068.dat
69 t = 0.174006
writing p' and p'n on Kirchoff surface kirchhoff/input/p-00069.dat
70 t = 0.176534
writing p' and p'n on Kirchoff surface kirchhoff/input/p-00070.dat
71 t = 0.179062
writing p' and p'n on Kirchoff surface kirchhoff/input/p-00071.dat
72 t = 0.181590
writing p' and p'n on Kirchoff surface kirchhoff/input/p-00072.dat
73 t = 0.184118
writing p' and p'n on Kirchoff surface kirchhoff/input/p-00073.dat
74 t = 0.186646
writing p' and p'n on Kirchoff surface kirchhoff/input/p-00074.dat
75 t = 0.189175
writing p' and p'n on Kirchoff surface kirchhoff/input/p-00075.dat
76 t = 0.191703
writing p' and p'n on Kirchoff surface kirchhoff/input/p-00076.dat
77 t = 0.194232
writing p' and p'n on Kirchoff surface kirchhoff/input/p-00077.dat
78 t = 0.196761
writing p' and p'n on Kirchoff surface kirchhoff/input/p-00078.dat
79 t = 0.199290
writing p' and p'n on Kirchoff surface kirchhoff/input/p-00079.dat
80 t = 0.201820
writing p' and p'n on Kirchoff surface kirchhoff/input/p-00080.dat
81 t = 0.204349
writing p' and p'n on Kirchoff surface kirchhoff/input/p-00081.dat
82 t = 0.206878
writing p' and p'n on Kirchoff surface kirchhoff/input/p-00082.dat
83 t = 0.209408
writing p' and p'n on Kirchoff surface kirchhoff/input/p-00083.dat
84 t = 0.211938
writing p' and p'n on Kirchoff surface kirchhoff/input/p-00084.dat
85 t = 0.214468
writing p' and p'n on Kirchoff surface kirchhoff/input/p-00085.dat
86 t = 0.216998
writing p' and p'n on Kirchoff surface kirchhoff/input/p-00086.dat
87 t = 0.219528
writing p' and p'n on Kirchoff surface kirchhoff/input/p-00087.dat
88 t = 0.222058
writing p' and p'n on Kirchoff surface kirchhoff/input/p-00088.dat
89 t = 0.224588
writing p' and p'n on Kirchoff surface kirchhoff/input/p-00089.dat
90 t = 0.227119
writing p' and p'n on Kirchoff surface kirchhoff/input/p-00090.dat
91 t = 0.229649
writing p' and p'n on Kirchoff surface kirchhoff/input/p-00091.dat
92 t = 0.232180
writing p' and p'n on Kirchoff surface kirchhoff/input/p-00092.dat
93 t = 0.234710
writing p' and p'n on Kirchoff surface kirchhoff/input/p-00093.dat
94 t = 0.237241
writing p' and p'n on Kirchoff surface kirchhoff/input/p-00094.dat
95 t = 0.239772
writing p' and p'n on Kirchoff surface kirchhoff/input/p-00095.dat
96 t = 0.242302
writing p' and p'n on Kirchoff surface kirchhoff/input/p-00096.dat
97 t = 0.244833
writing p' and p'n on Kirchoff surface kirchhoff/input/p-00097.dat
98 t = 0.247364
writing p' and p'n on Kirchoff surface kirchhoff/input/p-00098.dat
99 t = 0.249895
writing p' and p'n on Kirchoff surface kirchhoff/input/p-00099.dat
100 t = 0.252426
writing p' and p'n on Kirchoff surface kirchhoff/input/p-00100.dat
101 t = 0.254958
writing p' and p'n on Kirchoff surface kirchhoff/input/p-00101.dat
102 t = 0.257489
writing p' and p'n on Kirchoff surface kirchhoff/input/p-00102.dat
103 t = 0.260020
writing p' and p'n on Kirchoff surface kirchhoff/input/p-00103.dat
104 t = 0.262551
writing p' and p'n on Kirchoff surface kirchhoff/input/p-00104.dat
105 t = 0.265083
writing p' and p'n on Kirchoff surface kirchhoff/input/p-00105.dat
106 t = 0.267614
writing p' and p'n on Kirchoff surface kirchhoff/input/p-00106.dat
107 t = 0.270146
writing p' and p'n on Kirchoff surface kirchhoff/input/p-00107.dat
108 t = 0.272677
writing p' and p'n on Kirchoff surface kirchhoff/input/p-00108.dat
109 t = 0.275209
writing p' and p'n on Kirchoff surface kirchhoff/input/p-00109.dat
110 t = 0.277741
writing p' and p'n on Kirchoff surface kirchhoff/input/p-00110.dat
111 t = 0.280272
writing p' and p'n on Kirchoff surface kirchhoff/input/p-00111.dat
112 t = 0.282804
writing p' and p'n on Kirchoff surface kirchhoff/input/p-00112.dat
113 t = 0.285336
writing p' and p'n on Kirchoff surface kirchhoff/input/p-00113.dat
114 t = 0.287868
writing p' and p'n on Kirchoff surface kirchhoff/input/p-00114.dat
115 t = 0.290400
writing p' and p'n on Kirchoff surface kirchhoff/input/p-00115.dat
116 t = 0.292932
writing p' and p'n on Kirchoff surface kirchhoff/input/p-00116.dat
117 t = 0.295464
writing p' and p'n on Kirchoff surface kirchhoff/input/p-00117.dat
118 t = 0.297996
writing p' and p'n on Kirchoff surface kirchhoff/input/p-00118.dat
119 t = 0.300528
writing p' and p'n on Kirchoff surface kirchhoff/input/p-00119.dat
120 t = 0.303060
writing p' and p'n on Kirchoff surface kirchhoff/input/p-00120.dat
121 t = 0.305592
writing p' and p'n on Kirchoff surface kirchhoff/input/p-00121.dat
122 t = 0.308124
writing p' and p'n on Kirchoff surface kirchhoff/input/p-00122.dat
123 t = 0.310656
writing p' and p'n on Kirchoff surface kirchhoff/input/p-00123.dat
124 t = 0.313189
writing p' and p'n on Kirchoff surface kirchhoff/input/p-00124.dat
125 t = 0.315721
writing p' and p'n on Kirchoff surface kirchhoff/input/p-00125.dat
126 t = 0.318253
writing p' and p'n on Kirchoff surface kirchhoff/input/p-00126.dat
127 t = 0.320786
writing p' and p'n on Kirchoff surface kirchhoff/input/p-00127.dat
128 t = 0.323318
writing p' and p'n on Kirchoff surface kirchhoff/input/p-00128.dat
129 t = 0.325850
writing p' and p'n on Kirchoff surface kirchhoff/input/p-00129.dat
130 t = 0.328383
writing p' and p'n on Kirchoff surface kirchhoff/input/p-00130.dat
131 t = 0.330915
writing p' and p'n on Kirchoff surface kirchhoff/input/p-00131.dat
132 t = 0.333448
writing p' and p'n on Kirchoff surface kirchhoff/input/p-00132.dat
133 t = 0.335980
writing p' and p'n on Kirchoff surface kirchhoff/input/p-00133.dat
134 t = 0.338513
writing p' and p'n on Kirchoff surface kirchhoff/input/p-00134.dat
135 t = 0.341046
writing p' and p'n on Kirchoff surface kirchhoff/input/p-00135.dat
136 t = 0.343578
writing p' and p'n on Kirchoff surface kirchhoff/input/p-00136.dat
137 t = 0.346111
writing p' and p'n on Kirchoff surface kirchhoff/input/p-00137.dat
138 t = 0.348643
writing p' and p'n on Kirchoff surface kirchhoff/input/p-00138.dat
139 t = 0.351176
writing p' and p'n on Kirchoff surface kirchhoff/input/p-00139.dat
140 t = 0.353709
writing p' and p'n on Kirchoff surface kirchhoff/input/p-00140.dat
141 t = 0.356242
writing p' and p'n on Kirchoff surface kirchhoff/input/p-00141.dat
142 t = 0.358774
writing p' and p'n on Kirchoff surface kirchhoff/input/p-00142.dat
143 t = 0.361307
writing p' and p'n on Kirchoff surface kirchhoff/input/p-00143.dat
144 t = 0.363840
writing p' and p'n on Kirchoff surface kirchhoff/input/p-00144.dat
145 t = 0.366372
writing p' and p'n on Kirchoff surface kirchhoff/input/p-00145.dat
146 t = 0.368905
writing p' and p'n on Kirchoff surface kirchhoff/input/p-00146.dat
147 t = 0.371438
writing p' and p'n on Kirchoff surface kirchhoff/input/p-00147.dat
148 t = 0.373971
writing p' and p'n on Kirchoff surface kirchhoff/input/p-00148.dat
149 t = 0.376504
writing p' and p'n on Kirchoff surface kirchhoff/input/p-00149.dat
150 t = 0.379037
writing p' and p'n on Kirchoff surface kirchhoff/input/p-00150.dat
151 t = 0.381569
writing p' and p'n on Kirchoff surface kirchhoff/input/p-00151.dat
152 t = 0.384102
writing p' and p'n on Kirchoff surface kirchhoff/input/p-00152.dat
153 t = 0.386635
writing p' and p'n on Kirchoff surface kirchhoff/input/p-00153.dat
154 t = 0.389168
writing p' and p'n on Kirchoff surface kirchhoff/input/p-00154.dat
155 t = 0.391701
writing p' and p'n on Kirchoff surface kirchhoff/input/p-00155.dat
156 t = 0.394234
writing p' and p'n on Kirchoff surface kirchhoff/input/p-00156.dat
157 t = 0.396767
writing p' and p'n on Kirchoff surface kirchhoff/input/p-00157.dat
158 t = 0.399300
writing p' and p'n on Kirchoff surface kirchhoff/input/p-00158.dat
159 t = 0.401833
writing p' and p'n on Kirchoff surface kirchhoff/input/p-00159.dat
160 t = 0.404366
writing p' and p'n on Kirchoff surface kirchhoff/input/p-00160.dat
161 t = 0.406899
writing p' and p'n on Kirchoff surface kirchhoff/input/p-00161.dat
162 t = 0.409432
writing p' and p'n on Kirchoff surface kirchhoff/input/p-00162.dat
163 t = 0.411965
writing p' and p'n on Kirchoff surface kirchhoff/input/p-00163.dat
164 t = 0.414498
writing p' and p'n on Kirchoff surface kirchhoff/input/p-00164.dat
165 t = 0.417031
writing p' and p'n on Kirchoff surface kirchhoff/input/p-00165.dat
166 t = 0.419564
writing p' and p'n on Kirchoff surface kirchhoff/input/p-00166.dat
167 t = 0.422097
writing p' and p'n on Kirchoff surface kirchhoff/input/p-00167.dat
168 t = 0.424630
writing p' and p'n on Kirchoff surface kirchhoff/input/p-00168.dat
169 t = 0.427164
writing p' and p'n on Kirchoff surface kirchhoff/input/p-00169.dat
170 t = 0.429697
writing p' and p'n on Kirchoff surface kirchhoff/input/p-00170.dat
171 t = 0.432230
writing p' and p'n on Kirchoff surface kirchhoff/input/p-00171.dat
172 t = 0.434763
writing p' and p'n on Kirchoff surface kirchhoff/input/p-00172.dat
173 t = 0.437296
writing p' and p'n on Kirchoff surface kirchhoff/input/p-00173.dat
174 t = 0.439829
writing p' and p'n on Kirchoff surface kirchhoff/input/p-00174.dat
175 t = 0.442362
writing p' and p'n on Kirchoff surface kirchhoff/input/p-00175.dat
176 t = 0.444896
writing p' and p'n on Kirchoff surface kirchhoff/input/p-00176.dat
177 t = 0.447429
writing p' and p'n on Kirchoff surface kirchhoff/input/p-00177.dat
178 t = 0.449962
writing p' and p'n on Kirchoff surface kirchhoff/input/p-00178.dat
179 t = 0.452495
writing p' and p'n on Kirchoff surface kirchhoff/input/p-00179.dat
180 t = 0.455029
writing p' and p'n on Kirchoff surface kirchhoff/input/p-00180.dat
181 t = 0.457562
writing p' and p'n on Kirchoff surface kirchhoff/input/p-00181.dat
182 t = 0.460095
writing p' and p'n on Kirchoff surface kirchhoff/input/p-00182.dat
183 t = 0.462628
writing p' and p'n on Kirchoff surface kirchhoff/input/p-00183.dat
184 t = 0.465162
writing p' and p'n on Kirchoff surface kirchhoff/input/p-00184.dat
185 t = 0.467695
writing p' and p'n on Kirchoff surface kirchhoff/input/p-00185.dat
186 t = 0.470228
writing p' and p'n on Kirchoff surface kirchhoff/input/p-00186.dat
187 t = 0.472762
writing p' and p'n on Kirchoff surface kirchhoff/input/p-00187.dat
188 t = 0.475295
writing p' and p'n on Kirchoff surface kirchhoff/input/p-00188.dat
189 t = 0.477828
writing p' and p'n on Kirchoff surface kirchhoff/input/p-00189.dat
190 t = 0.480362
writing p' and p'n on Kirchoff surface kirchhoff/input/p-00190.dat
191 t = 0.482895
writing p' and p'n on Kirchoff surface kirchhoff/input/p-00191.dat
192 t = 0.485428
writing p' and p'n on Kirchoff surface kirchhoff/input/p-00192.dat
193 t = 0.487962
writing p' and p'n on Kirchoff surface kirchhoff/input/p-00193.dat
194 t = 0.490495
writing p' and p'n on Kirchoff surface kirchhoff/input/p-00194.dat
195 t = 0.493029
writing p' and p'n on Kirchoff surface kirchhoff/input/p-00195.dat
196 t = 0.495562
writing p' and p'n on Kirchoff surface kirchhoff/input/p-00196.dat
197 t = 0.498095
writing p' and p'n on Kirchoff surface kirchhoff/input/p-00197.dat
198 t = 0.500629
writing p' and p'n on Kirchoff surface kirchhoff/input/p-00198.dat
199 t = 0.503162
writing p' and p'n on Kirchoff surface kirchhoff/input/p-00199.dat
200 t = 0.505696
writing p' and p'n on Kirchoff surface kirchhoff/input/p-00200.dat
201 t = 0.508229
writing p' and p'n on Kirchoff surface kirchhoff/input/p-00201.dat
202 t = 0.510763
writing p' and p'n on Kirchoff surface kirchhoff/input/p-00202.dat
203 t = 0.513296
writing p' and p'n on Kirchoff surface kirchhoff/input/p-00203.dat
204 t = 0.515830
writing p' and p'n on Kirchoff surface kirchhoff/input/p-00204.dat
205 t = 0.518363
writing p' and p'n on Kirchoff surface kirchhoff/input/p-00205.dat
206 t = 0.520897
writing p' and p'n on Kirchoff surface kirchhoff/input/p-00206.dat
207 t = 0.523430
writing p' and p'n on Kirchoff surface kirchhoff/input/p-00207.dat
208 t = 0.525964
writing p' and p'n on Kirchoff surface kirchhoff/input/p-00208.dat
209 t = 0.528497
writing p' and p'n on Kirchoff surface kirchhoff/input/p-00209.dat
210 t = 0.531031
writing p' and p'n on Kirchoff surface kirchhoff/input/p-00210.dat
211 t = 0.533564
writing p' and p'n on Kirchoff surface kirchhoff/input/p-00211.dat
212 t = 0.536098
writing p' and p'n on Kirchoff surface kirchhoff/input/p-00212.dat
213 t = 0.538631
writing p' and p'n on Kirchoff surface kirchhoff/input/p-00213.dat
214 t = 0.541165
writing p' and p'n on Kirchoff surface kirchhoff/input/p-00214.dat
215 t = 0.543699
writing p' and p'n on Kirchoff surface kirchhoff/input/p-00215.dat
216 t = 0.546232
writing p' and p'n on Kirchoff surface kirchhoff/input/p-00216.dat
217 t = 0.548766
writing p' and p'n on Kirchoff surface kirchhoff/input/p-00217.dat
218 t = 0.551299
writing p' and p'n on Kirchoff surface kirchhoff/input/p-00218.dat
219 t = 0.553833
writing p' and p'n on Kirchoff surface kirchhoff/input/p-00219.dat
220 t = 0.556367
writing p' and p'n on Kirchoff surface kirchhoff/input/p-00220.dat
221 t = 0.558900
writing p' and p'n on Kirchoff surface kirchhoff/input/p-00221.dat
222 t = 0.561434
writing p' and p'n on Kirchoff surface kirchhoff/input/p-00222.dat
223 t = 0.563968
writing p' and p'n on Kirchoff surface kirchhoff/input/p-00223.dat
224 t = 0.566501
writing p' and p'n on Kirchoff surface kirchhoff/input/p-00224.dat
225 t = 0.569035
writing p' and p'n on Kirchoff surface kirchhoff/input/p-00225.dat
226 t = 0.571568
writing p' and p'n on Kirchoff surface kirchhoff/input/p-00226.dat
227 t = 0.574102
writing p' and p'n on Kirchoff surface kirchhoff/input/p-00227.dat
228 t = 0.576636
writing p' and p'n on Kirchoff surface kirchhoff/input/p-00228.dat
229 t = 0.579170
writing p' and p'n on Kirchoff surface kirchhoff/input/p-00229.dat
230 t = 0.581703
writing p' and p'n on Kirchoff surface kirchhoff/input/p-00230.dat
231 t = 0.584237
writing p' and p'n on Kirchoff surface kirchhoff/input/p-00231.dat
232 t = 0.586771
writing p' and p'n on Kirchoff surface kirchhoff/input/p-00232.dat
233 t = 0.589304
writing p' and p'n on Kirchoff surface kirchhoff/input/p-00233.dat
234 t = 0.591838
writing p' and p'n on Kirchoff surface kirchhoff/input/p-00234.dat
235 t = 0.594372
writing p' and p'n on Kirchoff surface kirchhoff/input/p-00235.dat
236 t = 0.596906
writing p' and p'n on Kirchoff surface kirchhoff/input/p-00236.dat
237 t = 0.599439
writing p' and p'n on Kirchoff surface kirchhoff/input/p-00237.dat
238 t = 0.601973
writing p' and p'n on Kirchoff surface kirchhoff/input/p-00238.dat
239 t = 0.604507
writing p' and p'n on Kirchoff surface kirchhoff/input/p-00239.dat
240 t = 0.607041
writing p' and p'n on Kirchoff surface kirchhoff/input/p-00240.dat
241 t = 0.609574
writing p' and p'n on Kirchoff surface kirchhoff/input/p-00241.dat
242 t = 0.612108
writing p' and p'n on Kirchoff surface kirchhoff/input/p-00242.dat
243 t = 0.614642
writing p' and p'n on Kirchoff surface kirchhoff/input/p-00243.dat
244 t = 0.617176
writing p' and p'n on Kirchoff surface kirchhoff/input/p-00244.dat
245 t = 0.619709
writing p' and p'n on Kirchoff surface kirchhoff/input/p-00245.dat
246 t = 0.622243
writing p' and p'n on Kirchoff surface kirchhoff/input/p-00246.dat
247 t = 0.624777
writing p' and p'n on Kirchoff surface kirchhoff/input/p-00247.dat
248 t = 0.627311
writing p' and p'n on Kirchoff surface kirchhoff/input/p-00248.dat
249 t = 0.629845
writing p' and p'n on Kirchoff surface kirchhoff/input/p-00249.dat
250 t = 0.632379
writing p' and p'n on Kirchoff surface kirchhoff/input/p-00250.dat
251 t = 0.634912
writing p' and p'n on Kirchoff surface kirchhoff/input/p-00251.dat
252 t = 0.637446
writing p' and p'n on Kirchoff surface kirchhoff/input/p-00252.dat
253 t = 0.639980
writing p' and p'n on Kirchoff surface kirchhoff/input/p-00253.dat
254 t = 0.642514
writing p' and p'n on Kirchoff surface kirchhoff/input/p-00254.dat
255 t = 0.645048
writing p' and p'n on Kirchoff surface kirchhoff/input/p-00255.dat
256 t = 0.647582
writing p' and p'n on Kirchoff surface kirchhoff/input/p-00256.dat
257 t = 0.650116
writing p' and p'n on Kirchoff surface kirchhoff/input/p-00257.dat
258 t = 0.652649
writing p' and p'n on Kirchoff surface kirchhoff/input/p-00258.dat
259 t = 0.655183
writing p' and p'n on Kirchoff surface kirchhoff/input/p-00259.dat
260 t = 0.657717
writing p' and p'n on Kirchoff surface kirchhoff/input/p-00260.dat
261 t = 0.660251
writing p' and p'n on Kirchoff surface kirchhoff/input/p-00261.dat
262 t = 0.662785
writing p' and p'n on Kirchoff surface kirchhoff/input/p-00262.dat
263 t = 0.665319
writing p' and p'n on Kirchoff surface kirchhoff/input/p-00263.dat
264 t = 0.667853
writing p' and p'n on Kirchoff surface kirchhoff/input/p-00264.dat
265 t = 0.670387
writing p' and p'n on Kirchoff surface kirchhoff/input/p-00265.dat
266 t = 0.672921
writing p' and p'n on Kirchoff surface kirchhoff/input/p-00266.dat
267 t = 0.675455
writing p' and p'n on Kirchoff surface kirchhoff/input/p-00267.dat
268 t = 0.677988
writing p' and p'n on Kirchoff surface kirchhoff/input/p-00268.dat
269 t = 0.680522
writing p' and p'n on Kirchoff surface kirchhoff/input/p-00269.dat
270 t = 0.683056
writing p' and p'n on Kirchoff surface kirchhoff/input/p-00270.dat
271 t = 0.685590
writing p' and p'n on Kirchoff surface kirchhoff/input/p-00271.dat
272 t = 0.688124
writing p' and p'n on Kirchoff surface kirchhoff/input/p-00272.dat
273 t = 0.690658
writing p' and p'n on Kirchoff surface kirchhoff/input/p-00273.dat
274 t = 0.693192
writing p' and p'n on Kirchoff surface kirchhoff/input/p-00274.dat
275 t = 0.695726
writing p' and p'n on Kirchoff surface kirchhoff/input/p-00275.dat
276 t = 0.698260
writing p' and p'n on Kirchoff surface kirchhoff/input/p-00276.dat
277 t = 0.700794
writing p' and p'n on Kirchoff surface kirchhoff/input/p-00277.dat
278 t = 0.703328
writing p' and p'n on Kirchoff surface kirchhoff/input/p-00278.dat
279 t = 0.705862
writing p' and p'n on Kirchoff surface kirchhoff/input/p-00279.dat
280 t = 0.708396
writing p' and p'n on Kirchoff surface kirchhoff/input/p-00280.dat
281 t = 0.710930
writing p' and p'n on Kirchoff surface kirchhoff/input/p-00281.dat
282 t = 0.713464
writing p' and p'n on Kirchoff surface kirchhoff/input/p-00282.dat
283 t = 0.715998
writing p' and p'n on Kirchoff surface kirchhoff/input/p-00283.dat
284 t = 0.718532
writing p' and p'n on Kirchoff surface kirchhoff/input/p-00284.dat
285 t = 0.721066
writing p' and p'n on Kirchoff surface kirchhoff/input/p-00285.dat
286 t = 0.723600
writing p' and p'n on Kirchoff surface kirchhoff/input/p-00286.dat
287 t = 0.726134
writing p' and p'n on Kirchoff surface kirchhoff/input/p-00287.dat
288 t = 0.728668
writing p' and p'n on Kirchoff surface kirchhoff/input/p-00288.dat
289 t = 0.731202
writing p' and p'n on Kirchoff surface kirchhoff/input/p-00289.dat
290 t = 0.733736
writing p' and p'n on Kirchoff surface kirchhoff/input/p-00290.dat
291 t = 0.736270
writing p' and p'n on Kirchoff surface kirchhoff/input/p-00291.dat
292 t = 0.738804
writing p' and p'n on Kirchoff surface kirchhoff/input/p-00292.dat
293 t = 0.741338
writing p' and p'n on Kirchoff surface kirchhoff/input/p-00293.dat
294 t = 0.743872
writing p' and p'n on Kirchoff surface kirchhoff/input/p-00294.dat
295 t = 0.746407
writing p' and p'n on Kirchoff surface kirchhoff/input/p-00295.dat
296 t = 0.748941
writing p' and p'n on Kirchoff surface kirchhoff/input/p-00296.dat
297 t = 0.751475
writing p' and p'n on Kirchoff surface kirchhoff/input/p-00297.dat
298 t = 0.754009
writing p' and p'n on Kirchoff surface kirchhoff/input/p-00298.dat
299 t = 0.756543
writing p' and p'n on Kirchoff surface kirchhoff/input/p-00299.dat
300 t = 0.759077
writing p' and p'n on Kirchoff surface kirchhoff/input/p-00300.dat
301 t = 0.761611
writing p' and p'n on Kirchoff surface kirchhoff/input/p-00301.dat
302 t = 0.764145
writing p' and p'n on Kirchoff surface kirchhoff/input/p-00302.dat
303 t = 0.766679
writing p' and p'n on Kirchoff surface kirchhoff/input/p-00303.dat
304 t = 0.769213
writing p' and p'n on Kirchoff surface kirchhoff/input/p-00304.dat
305 t = 0.771747
writing p' and p'n on Kirchoff surface kirchhoff/input/p-00305.dat
306 t = 0.774282
writing p' and p'n on Kirchoff surface kirchhoff/input/p-00306.dat
307 t = 0.776816
writing p' and p'n on Kirchoff surface kirchhoff/input/p-00307.dat
308 t = 0.779350
writing p' and p'n on Kirchoff surface kirchhoff/input/p-00308.dat
309 t = 0.781884
writing p' and p'n on Kirchoff surface kirchhoff/input/p-00309.dat
310 t = 0.784418
writing p' and p'n on Kirchoff surface kirchhoff/input/p-00310.dat
311 t = 0.786952
writing p' and p'n on Kirchoff surface kirchhoff/input/p-00311.dat
312 t = 0.789486
writing p' and p'n on Kirchoff surface kirchhoff/input/p-00312.dat
313 t = 0.792021
writing p' and p'n on Kirchoff surface kirchhoff/input/p-00313.dat
314 t = 0.794555
writing p' and p'n on Kirchoff surface kirchhoff/input/p-00314.dat
315 t = 0.797089
writing p' and p'n on Kirchoff surface kirchhoff/input/p-00315.dat
316 t = 0.799623
writing p' and p'n on Kirchoff surface kirchhoff/input/p-00316.dat
317 t = 0.802157
writing p' and p'n on Kirchoff surface kirchhoff/input/p-00317.dat
318 t = 0.804692
writing p' and p'n on Kirchoff surface kirchhoff/input/p-00318.dat
319 t = 0.807226
writing p' and p'n on Kirchoff surface kirchhoff/input/p-00319.dat
320 t = 0.809760
writing p' and p'n on Kirchoff surface kirchhoff/input/p-00320.dat
321 t = 0.812294
writing p' and p'n on Kirchoff surface kirchhoff/input/p-00321.dat
322 t = 0.814828
writing p' and p'n on Kirchoff surface kirchhoff/input/p-00322.dat
--------------------------------------------------------------------------
MPI_ABORT was invoked on rank 3 in communicator MPI_COMM_WORLD
with errorcode 50176059.

NOTE: invoking MPI_ABORT causes Open MPI to kill all MPI processes.
You may or may not see output from other processes, depending on
exactly when Open MPI kills them.
--------------------------------------------------------------------------
[7]PETSC ERROR: ------------------------------------------------------------------------
[7]PETSC ERROR: Caught signal number 15 Terminate: Some process (or the batch system) has told this process to end
[7]PETSC ERROR: Try option -start_in_debugger or -on_error_attach_debugger
[7]PETSC ERROR: or see https://www.mcs.anl.gov/petsc/documentation/faq.html#valgrind
[7]PETSC ERROR: or try http://valgrind.org on GNU/linux and Apple Mac OS X to find memory corruption errors
[7]PETSC ERROR: likely location of problem given in stack below
[7]PETSC ERROR: ---------------------  Stack Frames ------------------------------------
[7]PETSC ERROR: Note: The EXACT line numbers in the stack are not available,
[7]PETSC ERROR:       INSTEAD the line number of the start of the function
[7]PETSC ERROR:       is given.
[7]PETSC ERROR: [7] TS user right-hand-side function line 652 /home/sunder/Software/petsc/src/ts/interface/ts.c
[7]PETSC ERROR: [7] TSComputeRHSFunction line 639 /home/sunder/Software/petsc/src/ts/interface/ts.c
[7]PETSC ERROR: [7] TSSSPStep_RK_3 line 100 /home/sunder/Software/petsc/src/ts/impls/explicit/ssp/ssp.c
[7]PETSC ERROR: [7] TSStep_SSP line 207 /home/sunder/Software/petsc/src/ts/impls/explicit/ssp/ssp.c
[7]PETSC ERROR: [7] TSStep line 3734 /home/sunder/Software/petsc/src/ts/interface/ts.c
[7]PETSC ERROR: [7] TSSolve line 4044 /home/sunder/Software/petsc/src/ts/interface/ts.c
[7]PETSC ERROR: --------------------- Error Message --------------------------------------------------------------
[7]PETSC ERROR: Signal received
[7]PETSC ERROR: See https://www.mcs.anl.gov/petsc/documentation/faq.html for trouble shooting.
[7]PETSC ERROR: Petsc Release Version 3.14.0, unknown 
[7]PETSC ERROR: ./hype on a arch-linux-c-debug named mecdasik by sunder Wed Jan 12 22:41:06 2022
[7]PETSC ERROR: Configure options --download-metis=1 --download-parmetis=1 --download-superlu_dist=1 --download-mumps=1 --download-scalapack=1 --download-hypre=1
[7]PETSC ERROR: #1 User provided function() line 0 in  unknown file
[8]PETSC ERROR: ------------------------------------------------------------------------
[8]PETSC ERROR: Caught signal number 15 Terminate: Some process (or the batch system) has told this process to end
[8]PETSC ERROR: Try option -start_in_debugger or -on_error_attach_debugger
[8]PETSC ERROR: or see https://www.mcs.anl.gov/petsc/documentation/faq.html#valgrind
[8]PETSC ERROR: or try http://valgrind.org on GNU/linux and Apple Mac OS X to find memory corruption errors
[8]PETSC ERROR: likely location of problem given in stack below
[8]PETSC ERROR: ---------------------  Stack Frames ------------------------------------
[8]PETSC ERROR: Note: The EXACT line numbers in the stack are not available,
[8]PETSC ERROR:       INSTEAD the line number of the start of the function
[8]PETSC ERROR:       is given.
[8]PETSC ERROR: [8] TS user right-hand-side function line 652 /home/sunder/Software/petsc/src/ts/interface/ts.c
[8]PETSC ERROR: [8] TSComputeRHSFunction line 639 /home/sunder/Software/petsc/src/ts/interface/ts.c
[8]PETSC ERROR: [8] TSSSPStep_RK_3 line 100 /home/sunder/Software/petsc/src/ts/impls/explicit/ssp/ssp.c
[8]PETSC ERROR: [8] TSStep_SSP line 207 /home/sunder/Software/petsc/src/ts/impls/explicit/ssp/ssp.c
[8]PETSC ERROR: [8] TSStep line 3734 /home/sunder/Software/petsc/src/ts/interface/ts.c
[8]PETSC ERROR: [8] TSSolve line 4044 /home/sunder/Software/petsc/src/ts/interface/ts.c
[8]PETSC ERROR: --------------------- Error Message --------------------------------------------------------------
[8]PETSC ERROR: Signal received
[8]PETSC ERROR: See https://www.mcs.anl.gov/petsc/documentation/faq.html for trouble shooting.
[8]PETSC ERROR: Petsc Release Version 3.14.0, unknown 
[8]PETSC ERROR: ./hype on a arch-linux-c-debug named mecdasik by sunder Wed Jan 12 22:41:06 2022
[8]PETSC ERROR: Configure options --download-metis=1 --download-parmetis=1 --download-superlu_dist=1 --download-mumps=1 --download-scalapack=1 --download-hypre=1
[8]PETSC ERROR: #1 User provided function() line 0 in  unknown file
[9]PETSC ERROR: ------------------------------------------------------------------------
[9]PETSC ERROR: Caught signal number 15 Terminate: Some process (or the batch system) has told this process to end
[9]PETSC ERROR: Try option -start_in_debugger or -on_error_attach_debugger
[9]PETSC ERROR: or see https://www.mcs.anl.gov/petsc/documentation/faq.html#valgrind
[9]PETSC ERROR: or try http://valgrind.org on GNU/linux and Apple Mac OS X to find memory corruption errors
[9]PETSC ERROR: likely location of problem given in stack below
[9]PETSC ERROR: ---------------------  Stack Frames ------------------------------------
[9]PETSC ERROR: Note: The EXACT line numbers in the stack are not available,
[9]PETSC ERROR:       INSTEAD the line number of the start of the function
[9]PETSC ERROR:       is given.
[9]PETSC ERROR: [9] TS user right-hand-side function line 652 /home/sunder/Software/petsc/src/ts/interface/ts.c
[9]PETSC ERROR: [9] TSComputeRHSFunction line 639 /home/sunder/Software/petsc/src/ts/interface/ts.c
[9]PETSC ERROR: [9] TSSSPStep_RK_3 line 100 /home/sunder/Software/petsc/src/ts/impls/explicit/ssp/ssp.c
[9]PETSC ERROR: [9] TSStep_SSP line 207 /home/sunder/Software/petsc/src/ts/impls/explicit/ssp/ssp.c
[9]PETSC ERROR: [9] TSStep line 3734 /home/sunder/Software/petsc/src/ts/interface/ts.c
[9]PETSC ERROR: [9] TSSolve line 4044 /home/sunder/Software/petsc/src/ts/interface/ts.c
[9]PETSC ERROR: --------------------- Error Message --------------------------------------------------------------
[9]PETSC ERROR: Signal received
[9]PETSC ERROR: See https://www.mcs.anl.gov/petsc/documentation/faq.html for trouble shooting.
[9]PETSC ERROR: Petsc Release Version 3.14.0, unknown 
[9]PETSC ERROR: ./hype on a arch-linux-c-debug named mecdasik by sunder Wed Jan 12 22:41:06 2022
[9]PETSC ERROR: Configure options --download-metis=1 --download-parmetis=1 --download-superlu_dist=1 --download-mumps=1 --download-scalapack=1 --download-hypre=1
[9]PETSC ERROR: #1 User provided function() line 0 in  unknown file
[10]PETSC ERROR: ------------------------------------------------------------------------
[10]PETSC ERROR: Caught signal number 15 Terminate: Some process (or the batch system) has told this process to end
[10]PETSC ERROR: Try option -start_in_debugger or -on_error_attach_debugger
[10]PETSC ERROR: or see https://www.mcs.anl.gov/petsc/documentation/faq.html#valgrind
[10]PETSC ERROR: or try http://valgrind.org on GNU/linux and Apple Mac OS X to find memory corruption errors
[10]PETSC ERROR: likely location of problem given in stack below
[10]PETSC ERROR: ---------------------  Stack Frames ------------------------------------
[10]PETSC ERROR: Note: The EXACT line numbers in the stack are not available,
[10]PETSC ERROR:       INSTEAD the line number of the start of the function
[10]PETSC ERROR:       is given.
[10]PETSC ERROR: [10] TS user right-hand-side function line 652 /home/sunder/Software/petsc/src/ts/interface/ts.c
[10]PETSC ERROR: [10] TSComputeRHSFunction line 639 /home/sunder/Software/petsc/src/ts/interface/ts.c
[10]PETSC ERROR: [10] TSSSPStep_RK_3 line 100 /home/sunder/Software/petsc/src/ts/impls/explicit/ssp/ssp.c
[10]PETSC ERROR: [10] TSStep_SSP line 207 /home/sunder/Software/petsc/src/ts/impls/explicit/ssp/ssp.c
[10]PETSC ERROR: [10] TSStep line 3734 /home/sunder/Software/petsc/src/ts/interface/ts.c
[10]PETSC ERROR: [10] TSSolve line 4044 /home/sunder/Software/petsc/src/ts/interface/ts.c
[10]PETSC ERROR: --------------------- Error Message --------------------------------------------------------------
[10]PETSC ERROR: Signal received
[10]PETSC ERROR: See https://www.mcs.anl.gov/petsc/documentation/faq.html for trouble shooting.
[10]PETSC ERROR: Petsc Release Version 3.14.0, unknown 
[10]PETSC ERROR: ./hype on a arch-linux-c-debug named mecdasik by sunder Wed Jan 12 22:41:06 2022
[10]PETSC ERROR: Configure options --download-metis=1 --download-parmetis=1 --download-superlu_dist=1 --download-mumps=1 --download-scalapack=1 --download-hypre=1
[10]PETSC ERROR: #1 User provided function() line 0 in  unknown file
[11]PETSC ERROR: ------------------------------------------------------------------------
[11]PETSC ERROR: Caught signal number 15 Terminate: Some process (or the batch system) has told this process to end
[11]PETSC ERROR: Try option -start_in_debugger or -on_error_attach_debugger
[11]PETSC ERROR: or see https://www.mcs.anl.gov/petsc/documentation/faq.html#valgrind
[11]PETSC ERROR: or try http://valgrind.org on GNU/linux and Apple Mac OS X to find memory corruption errors
[11]PETSC ERROR: likely location of problem given in stack below
[11]PETSC ERROR: ---------------------  Stack Frames ------------------------------------
[11]PETSC ERROR: Note: The EXACT line numbers in the stack are not available,
[11]PETSC ERROR:       INSTEAD the line number of the start of the function
[11]PETSC ERROR:       is given.
[11]PETSC ERROR: [11] TS user right-hand-side function line 652 /home/sunder/Software/petsc/src/ts/interface/ts.c
[11]PETSC ERROR: [11] TSComputeRHSFunction line 639 /home/sunder/Software/petsc/src/ts/interface/ts.c
[11]PETSC ERROR: [11] TSSSPStep_RK_3 line 100 /home/sunder/Software/petsc/src/ts/impls/explicit/ssp/ssp.c
[11]PETSC ERROR: [11] TSStep_SSP line 207 /home/sunder/Software/petsc/src/ts/impls/explicit/ssp/ssp.c
[11]PETSC ERROR: [11] TSStep line 3734 /home/sunder/Software/petsc/src/ts/interface/ts.c
[11]PETSC ERROR: [11] TSSolve line 4044 /home/sunder/Software/petsc/src/ts/interface/ts.c
[11]PETSC ERROR: --------------------- Error Message --------------------------------------------------------------
[11]PETSC ERROR: Signal received
[11]PETSC ERROR: See https://www.mcs.anl.gov/petsc/documentation/faq.html for trouble shooting.
[11]PETSC ERROR: Petsc Release Version 3.14.0, unknown 
[11]PETSC ERROR: ./hype on a arch-linux-c-debug named mecdasik by sunder Wed Jan 12 22:41:06 2022
[11]PETSC ERROR: Configure options --download-metis=1 --download-parmetis=1 --download-superlu_dist=1 --download-mumps=1 --download-scalapack=1 --download-hypre=1
[11]PETSC ERROR: #1 User provided function() line 0 in  unknown file
[12]PETSC ERROR: ------------------------------------------------------------------------
[12]PETSC ERROR: Caught signal number 15 Terminate: Some process (or the batch system) has told this process to end
[12]PETSC ERROR: Try option -start_in_debugger or -on_error_attach_debugger
[12]PETSC ERROR: or see https://www.mcs.anl.gov/petsc/documentation/faq.html#valgrind
[12]PETSC ERROR: or try http://valgrind.org on GNU/linux and Apple Mac OS X to find memory corruption errors
[12]PETSC ERROR: likely location of problem given in stack below
[12]PETSC ERROR: ---------------------  Stack Frames ------------------------------------
[12]PETSC ERROR: Note: The EXACT line numbers in the stack are not available,
[12]PETSC ERROR:       INSTEAD the line number of the start of the function
[12]PETSC ERROR:       is given.
[12]PETSC ERROR: [12] TS user right-hand-side function line 652 /home/sunder/Software/petsc/src/ts/interface/ts.c
[12]PETSC ERROR: [12] TSComputeRHSFunction line 639 /home/sunder/Software/petsc/src/ts/interface/ts.c
[12]PETSC ERROR: [12] TSSSPStep_RK_3 line 100 /home/sunder/Software/petsc/src/ts/impls/explicit/ssp/ssp.c
[12]PETSC ERROR: [12] TSStep_SSP line 207 /home/sunder/Software/petsc/src/ts/impls/explicit/ssp/ssp.c
[12]PETSC ERROR: [12] TSStep line 3734 /home/sunder/Software/petsc/src/ts/interface/ts.c
[12]PETSC ERROR: [12] TSSolve line 4044 /home/sunder/Software/petsc/src/ts/interface/ts.c
[12]PETSC ERROR: --------------------- Error Message --------------------------------------------------------------
[12]PETSC ERROR: Signal received
[12]PETSC ERROR: See https://www.mcs.anl.gov/petsc/documentation/faq.html for trouble shooting.
[12]PETSC ERROR: Petsc Release Version 3.14.0, unknown 
[12]PETSC ERROR: ./hype on a arch-linux-c-debug named mecdasik by sunder Wed Jan 12 22:41:06 2022
[12]PETSC ERROR: Configure options --download-metis=1 --download-parmetis=1 --download-superlu_dist=1 --download-mumps=1 --download-scalapack=1 --download-hypre=1
[12]PETSC ERROR: #1 User provided function() line 0 in  unknown file
[13]PETSC ERROR: ------------------------------------------------------------------------
[13]PETSC ERROR: Caught signal number 15 Terminate: Some process (or the batch system) has told this process to end
[13]PETSC ERROR: Try option -start_in_debugger or -on_error_attach_debugger
[13]PETSC ERROR: or see https://www.mcs.anl.gov/petsc/documentation/faq.html#valgrind
[13]PETSC ERROR: or try http://valgrind.org on GNU/linux and Apple Mac OS X to find memory corruption errors
[13]PETSC ERROR: likely location of problem given in stack below
[13]PETSC ERROR: ---------------------  Stack Frames ------------------------------------
[13]PETSC ERROR: Note: The EXACT line numbers in the stack are not available,
[13]PETSC ERROR:       INSTEAD the line number of the start of the function
[13]PETSC ERROR:       is given.
[13]PETSC ERROR: [13] TS user right-hand-side function line 652 /home/sunder/Software/petsc/src/ts/interface/ts.c
[13]PETSC ERROR: [13] TSComputeRHSFunction line 639 /home/sunder/Software/petsc/src/ts/interface/ts.c
[13]PETSC ERROR: [13] TSSSPStep_RK_3 line 100 /home/sunder/Software/petsc/src/ts/impls/explicit/ssp/ssp.c
[13]PETSC ERROR: [13] TSStep_SSP line 207 /home/sunder/Software/petsc/src/ts/impls/explicit/ssp/ssp.c
[13]PETSC ERROR: [13] TSStep line 3734 /home/sunder/Software/petsc/src/ts/interface/ts.c
[13]PETSC ERROR: [13] TSSolve line 4044 /home/sunder/Software/petsc/src/ts/interface/ts.c
[13]PETSC ERROR: --------------------- Error Message --------------------------------------------------------------
[13]PETSC ERROR: Signal received
[13]PETSC ERROR: See https://www.mcs.anl.gov/petsc/documentation/faq.html for trouble shooting.
[13]PETSC ERROR: Petsc Release Version 3.14.0, unknown 
[13]PETSC ERROR: ./hype on a arch-linux-c-debug named mecdasik by sunder Wed Jan 12 22:41:06 2022
[13]PETSC ERROR: Configure options --download-metis=1 --download-parmetis=1 --download-superlu_dist=1 --download-mumps=1 --download-scalapack=1 --download-hypre=1
[13]PETSC ERROR: #1 User provided function() line 0 in  unknown file
[14]PETSC ERROR: ------------------------------------------------------------------------
[14]PETSC ERROR: Caught signal number 15 Terminate: Some process (or the batch system) has told this process to end
[14]PETSC ERROR: Try option -start_in_debugger or -on_error_attach_debugger
[14]PETSC ERROR: or see https://www.mcs.anl.gov/petsc/documentation/faq.html#valgrind
[14]PETSC ERROR: or try http://valgrind.org on GNU/linux and Apple Mac OS X to find memory corruption errors
[14]PETSC ERROR: likely location of problem given in stack below
[14]PETSC ERROR: ---------------------  Stack Frames ------------------------------------
[14]PETSC ERROR: Note: The EXACT line numbers in the stack are not available,
[14]PETSC ERROR:       INSTEAD the line number of the start of the function
[14]PETSC ERROR:       is given.
[14]PETSC ERROR: [14] TS user right-hand-side function line 652 /home/sunder/Software/petsc/src/ts/interface/ts.c
[14]PETSC ERROR: [14] TSComputeRHSFunction line 639 /home/sunder/Software/petsc/src/ts/interface/ts.c
[14]PETSC ERROR: [14] TSSSPStep_RK_3 line 100 /home/sunder/Software/petsc/src/ts/impls/explicit/ssp/ssp.c
[14]PETSC ERROR: [14] TSStep_SSP line 207 /home/sunder/Software/petsc/src/ts/impls/explicit/ssp/ssp.c
[14]PETSC ERROR: [14] TSStep line 3734 /home/sunder/Software/petsc/src/ts/interface/ts.c
[14]PETSC ERROR: [14] TSSolve line 4044 /home/sunder/Software/petsc/src/ts/interface/ts.c
[14]PETSC ERROR: --------------------- Error Message --------------------------------------------------------------
[14]PETSC ERROR: Signal received
[14]PETSC ERROR: See https://www.mcs.anl.gov/petsc/documentation/faq.html for trouble shooting.
[14]PETSC ERROR: Petsc Release Version 3.14.0, unknown 
[14]PETSC ERROR: ./hype on a arch-linux-c-debug named mecdasik by sunder Wed Jan 12 22:41:06 2022
[14]PETSC ERROR: Configure options --download-metis=1 --download-parmetis=1 --download-superlu_dist=1 --download-mumps=1 --download-scalapack=1 --download-hypre=1
[14]PETSC ERROR: #1 User provided function() line 0 in  unknown file
[0]PETSC ERROR: ------------------------------------------------------------------------
[0]PETSC ERROR: Caught signal number 15 Terminate: Some process (or the batch system) has told this process to end
[0]PETSC ERROR: Try option -start_in_debugger or -on_error_attach_debugger
[0]PETSC ERROR: or see https://www.mcs.anl.gov/petsc/documentation/faq.html#valgrind
[0]PETSC ERROR: or try http://valgrind.org on GNU/linux and Apple Mac OS X to find memory corruption errors
[0]PETSC ERROR: likely location of problem given in stack below
[0]PETSC ERROR: ---------------------  Stack Frames ------------------------------------
[0]PETSC ERROR: Note: The EXACT line numbers in the stack are not available,
[0]PETSC ERROR:       INSTEAD the line number of the start of the function
[0]PETSC ERROR:       is given.
[0]PETSC ERROR: [0] TS user right-hand-side function line 652 /home/sunder/Software/petsc/src/ts/interface/ts.c
[0]PETSC ERROR: [0] TSComputeRHSFunction line 639 /home/sunder/Software/petsc/src/ts/interface/ts.c
[0]PETSC ERROR: [0] TSSSPStep_RK_3 line 100 /home/sunder/Software/petsc/src/ts/impls/explicit/ssp/ssp.c
[0]PETSC ERROR: [0] TSStep_SSP line 207 /home/sunder/Software/petsc/src/ts/impls/explicit/ssp/ssp.c
[0]PETSC ERROR: [0] TSStep line 3734 /home/sunder/Software/petsc/src/ts/interface/ts.c
[0]PETSC ERROR: [0] TSSolve line 4044 /home/sunder/Software/petsc/src/ts/interface/ts.c
[0]PETSC ERROR: --------------------- Error Message --------------------------------------------------------------
[0]PETSC ERROR: Signal received
[0]PETSC ERROR: See https://www.mcs.anl.gov/petsc/documentation/faq.html for trouble shooting.
[0]PETSC ERROR: Petsc Release Version 3.14.0, unknown 
[0]PETSC ERROR: ./hype on a arch-linux-c-debug named mecdasik by sunder Wed Jan 12 22:41:06 2022
[0]PETSC ERROR: Configure options --download-metis=1 --download-parmetis=1 --download-superlu_dist=1 --download-mumps=1 --download-scalapack=1 --download-hypre=1
[0]PETSC ERROR: #1 User provided function() line 0 in  unknown file
[1]PETSC ERROR: ------------------------------------------------------------------------
[1]PETSC ERROR: Caught signal number 15 Terminate: Some process (or the batch system) has told this process to end
[1]PETSC ERROR: Try option -start_in_debugger or -on_error_attach_debugger
[1]PETSC ERROR: or see https://www.mcs.anl.gov/petsc/documentation/faq.html#valgrind
[1]PETSC ERROR: or try http://valgrind.org on GNU/linux and Apple Mac OS X to find memory corruption errors
[1]PETSC ERROR: likely location of problem given in stack below
[1]PETSC ERROR: ---------------------  Stack Frames ------------------------------------
[1]PETSC ERROR: Note: The EXACT line numbers in the stack are not available,
[1]PETSC ERROR:       INSTEAD the line number of the start of the function
[1]PETSC ERROR:       is given.
[1]PETSC ERROR: [1] TS user right-hand-side function line 652 /home/sunder/Software/petsc/src/ts/interface/ts.c
[1]PETSC ERROR: [1] TSComputeRHSFunction line 639 /home/sunder/Software/petsc/src/ts/interface/ts.c
[1]PETSC ERROR: [1] TSSSPStep_RK_3 line 100 /home/sunder/Software/petsc/src/ts/impls/explicit/ssp/ssp.c
[1]PETSC ERROR: [1] TSStep_SSP line 207 /home/sunder/Software/petsc/src/ts/impls/explicit/ssp/ssp.c
[1]PETSC ERROR: [1] TSStep line 3734 /home/sunder/Software/petsc/src/ts/interface/ts.c
[1]PETSC ERROR: [1] TSSolve line 4044 /home/sunder/Software/petsc/src/ts/interface/ts.c
[1]PETSC ERROR: --------------------- Error Message --------------------------------------------------------------
[1]PETSC ERROR: Signal received
[1]PETSC ERROR: See https://www.mcs.anl.gov/petsc/documentation/faq.html for trouble shooting.
[1]PETSC ERROR: Petsc Release Version 3.14.0, unknown 
[1]PETSC ERROR: ./hype on a arch-linux-c-debug named mecdasik by sunder Wed Jan 12 22:41:06 2022
[1]PETSC ERROR: Configure options --download-metis=1 --download-parmetis=1 --download-superlu_dist=1 --download-mumps=1 --download-scalapack=1 --download-hypre=1
[1]PETSC ERROR: #1 User provided function() line 0 in  unknown file
[2]PETSC ERROR: ------------------------------------------------------------------------
[2]PETSC ERROR: Caught signal number 15 Terminate: Some process (or the batch system) has told this process to end
[2]PETSC ERROR: Try option -start_in_debugger or -on_error_attach_debugger
[2]PETSC ERROR: or see https://www.mcs.anl.gov/petsc/documentation/faq.html#valgrind
[2]PETSC ERROR: or try http://valgrind.org on GNU/linux and Apple Mac OS X to find memory corruption errors
[2]PETSC ERROR: likely location of problem given in stack below
[2]PETSC ERROR: ---------------------  Stack Frames ------------------------------------
[2]PETSC ERROR: Note: The EXACT line numbers in the stack are not available,
[2]PETSC ERROR:       INSTEAD the line number of the start of the function
[2]PETSC ERROR:       is given.
[2]PETSC ERROR: [2] TS user right-hand-side function line 652 /home/sunder/Software/petsc/src/ts/interface/ts.c
[2]PETSC ERROR: [2] TSComputeRHSFunction line 639 /home/sunder/Software/petsc/src/ts/interface/ts.c
[2]PETSC ERROR: [2] TSSSPStep_RK_3 line 100 /home/sunder/Software/petsc/src/ts/impls/explicit/ssp/ssp.c
[2]PETSC ERROR: [2] TSStep_SSP line 207 /home/sunder/Software/petsc/src/ts/impls/explicit/ssp/ssp.c
[2]PETSC ERROR: [2] TSStep line 3734 /home/sunder/Software/petsc/src/ts/interface/ts.c
[2]PETSC ERROR: [2] TSSolve line 4044 /home/sunder/Software/petsc/src/ts/interface/ts.c
[2]PETSC ERROR: --------------------- Error Message --------------------------------------------------------------
[2]PETSC ERROR: Signal received
[2]PETSC ERROR: See https://www.mcs.anl.gov/petsc/documentation/faq.html for trouble shooting.
[2]PETSC ERROR: Petsc Release Version 3.14.0, unknown 
[2]PETSC ERROR: ./hype on a arch-linux-c-debug named mecdasik by sunder Wed Jan 12 22:41:06 2022
[2]PETSC ERROR: Configure options --download-metis=1 --download-parmetis=1 --download-superlu_dist=1 --download-mumps=1 --download-scalapack=1 --download-hypre=1
[2]PETSC ERROR: #1 User provided function() line 0 in  unknown file
[3]PETSC ERROR: ------------------------------------------------------------------------
[3]PETSC ERROR: Caught signal number 15 Terminate: Some process (or the batch system) has told this process to end
[3]PETSC ERROR: Try option -start_in_debugger or -on_error_attach_debugger
[3]PETSC ERROR: or see https://www.mcs.anl.gov/petsc/documentation/faq.html#valgrind
[3]PETSC ERROR: or try http://valgrind.org on GNU/linux and Apple Mac OS X to find memory corruption errors
[3]PETSC ERROR: likely location of problem given in stack below
[3]PETSC ERROR: ---------------------  Stack Frames ------------------------------------
[3]PETSC ERROR: Note: The EXACT line numbers in the stack are not available,
[3]PETSC ERROR:       INSTEAD the line number of the start of the function
[3]PETSC ERROR:       is given.
[3]PETSC ERROR: [3] TS user right-hand-side function line 652 /home/sunder/Software/petsc/src/ts/interface/ts.c
[3]PETSC ERROR: [3] TSComputeRHSFunction line 639 /home/sunder/Software/petsc/src/ts/interface/ts.c
[3]PETSC ERROR: [3] TSSSPStep_RK_3 line 100 /home/sunder/Software/petsc/src/ts/impls/explicit/ssp/ssp.c
[3]PETSC ERROR: [3] TSStep_SSP line 207 /home/sunder/Software/petsc/src/ts/impls/explicit/ssp/ssp.c
[3]PETSC ERROR: [3] TSStep line 3734 /home/sunder/Software/petsc/src/ts/interface/ts.c
[3]PETSC ERROR: [3] TSSolve line 4044 /home/sunder/Software/petsc/src/ts/interface/ts.c
[3]PETSC ERROR: --------------------- Error Message --------------------------------------------------------------
[3]PETSC ERROR: Signal received
[3]PETSC ERROR: See https://www.mcs.anl.gov/petsc/documentation/faq.html for trouble shooting.
[3]PETSC ERROR: Petsc Release Version 3.14.0, unknown 
[3]PETSC ERROR: ./hype on a arch-linux-c-debug named mecdasik by sunder Wed Jan 12 22:41:06 2022
[3]PETSC ERROR: Configure options --download-metis=1 --download-parmetis=1 --download-superlu_dist=1 --download-mumps=1 --download-scalapack=1 --download-hypre=1
[3]PETSC ERROR: #1 User provided function() line 0 in  unknown file
[4]PETSC ERROR: ------------------------------------------------------------------------
[4]PETSC ERROR: Caught signal number 15 Terminate: Some process (or the batch system) has told this process to end
[4]PETSC ERROR: Try option -start_in_debugger or -on_error_attach_debugger
[4]PETSC ERROR: or see https://www.mcs.anl.gov/petsc/documentation/faq.html#valgrind
[4]PETSC ERROR: or try http://valgrind.org on GNU/linux and Apple Mac OS X to find memory corruption errors
[4]PETSC ERROR: likely location of problem given in stack below
[4]PETSC ERROR: ---------------------  Stack Frames ------------------------------------
[4]PETSC ERROR: Note: The EXACT line numbers in the stack are not available,
[4]PETSC ERROR:       INSTEAD the line number of the start of the function
[4]PETSC ERROR:       is given.
[4]PETSC ERROR: [4] TS user right-hand-side function line 652 /home/sunder/Software/petsc/src/ts/interface/ts.c
[4]PETSC ERROR: [4] TSComputeRHSFunction line 639 /home/sunder/Software/petsc/src/ts/interface/ts.c
[4]PETSC ERROR: [4] TSSSPStep_RK_3 line 100 /home/sunder/Software/petsc/src/ts/impls/explicit/ssp/ssp.c
[4]PETSC ERROR: [4] TSStep_SSP line 207 /home/sunder/Software/petsc/src/ts/impls/explicit/ssp/ssp.c
[4]PETSC ERROR: [4] TSStep line 3734 /home/sunder/Software/petsc/src/ts/interface/ts.c
[4]PETSC ERROR: [4] TSSolve line 4044 /home/sunder/Software/petsc/src/ts/interface/ts.c
[4]PETSC ERROR: --------------------- Error Message --------------------------------------------------------------
[4]PETSC ERROR: Signal received
[4]PETSC ERROR: See https://www.mcs.anl.gov/petsc/documentation/faq.html for trouble shooting.
[4]PETSC ERROR: Petsc Release Version 3.14.0, unknown 
[4]PETSC ERROR: ./hype on a arch-linux-c-debug named mecdasik by sunder Wed Jan 12 22:41:06 2022
[4]PETSC ERROR: Configure options --download-metis=1 --download-parmetis=1 --download-superlu_dist=1 --download-mumps=1 --download-scalapack=1 --download-hypre=1
[4]PETSC ERROR: #1 User provided function() line 0 in  unknown file
[5]PETSC ERROR: ------------------------------------------------------------------------
[5]PETSC ERROR: Caught signal number 15 Terminate: Some process (or the batch system) has told this process to end
[5]PETSC ERROR: Try option -start_in_debugger or -on_error_attach_debugger
[5]PETSC ERROR: or see https://www.mcs.anl.gov/petsc/documentation/faq.html#valgrind
[5]PETSC ERROR: or try http://valgrind.org on GNU/linux and Apple Mac OS X to find memory corruption errors
[5]PETSC ERROR: likely location of problem given in stack below
[5]PETSC ERROR: ---------------------  Stack Frames ------------------------------------
[5]PETSC ERROR: Note: The EXACT line numbers in the stack are not available,
[5]PETSC ERROR:       INSTEAD the line number of the start of the function
[5]PETSC ERROR:       is given.
[5]PETSC ERROR: [5] TS user right-hand-side function line 652 /home/sunder/Software/petsc/src/ts/interface/ts.c
[5]PETSC ERROR: [5] TSComputeRHSFunction line 639 /home/sunder/Software/petsc/src/ts/interface/ts.c
[5]PETSC ERROR: [5] TSSSPStep_RK_3 line 100 /home/sunder/Software/petsc/src/ts/impls/explicit/ssp/ssp.c
[5]PETSC ERROR: [5] TSStep_SSP line 207 /home/sunder/Software/petsc/src/ts/impls/explicit/ssp/ssp.c
[5]PETSC ERROR: [5] TSStep line 3734 /home/sunder/Software/petsc/src/ts/interface/ts.c
[5]PETSC ERROR: [5] TSSolve line 4044 /home/sunder/Software/petsc/src/ts/interface/ts.c
[5]PETSC ERROR: --------------------- Error Message --------------------------------------------------------------
[5]PETSC ERROR: Signal received
[5]PETSC ERROR: See https://www.mcs.anl.gov/petsc/documentation/faq.html for trouble shooting.
[5]PETSC ERROR: Petsc Release Version 3.14.0, unknown 
[5]PETSC ERROR: ./hype on a arch-linux-c-debug named mecdasik by sunder Wed Jan 12 22:41:06 2022
[5]PETSC ERROR: Configure options --download-metis=1 --download-parmetis=1 --download-superlu_dist=1 --download-mumps=1 --download-scalapack=1 --download-hypre=1
[5]PETSC ERROR: #1 User provided function() line 0 in  unknown file
[6]PETSC ERROR: ------------------------------------------------------------------------
[6]PETSC ERROR: Caught signal number 15 Terminate: Some process (or the batch system) has told this process to end
[6]PETSC ERROR: Try option -start_in_debugger or -on_error_attach_debugger
[6]PETSC ERROR: or see https://www.mcs.anl.gov/petsc/documentation/faq.html#valgrind
[6]PETSC ERROR: or try http://valgrind.org on GNU/linux and Apple Mac OS X to find memory corruption errors
[6]PETSC ERROR: likely location of problem given in stack below
[6]PETSC ERROR: ---------------------  Stack Frames ------------------------------------
[6]PETSC ERROR: Note: The EXACT line numbers in the stack are not available,
[6]PETSC ERROR:       INSTEAD the line number of the start of the function
[6]PETSC ERROR:       is given.
[6]PETSC ERROR: [6] TS user right-hand-side function line 652 /home/sunder/Software/petsc/src/ts/interface/ts.c
[6]PETSC ERROR: [6] TSComputeRHSFunction line 639 /home/sunder/Software/petsc/src/ts/interface/ts.c
[6]PETSC ERROR: [6] TSSSPStep_RK_3 line 100 /home/sunder/Software/petsc/src/ts/impls/explicit/ssp/ssp.c
[6]PETSC ERROR: [6] TSStep_SSP line 207 /home/sunder/Software/petsc/src/ts/impls/explicit/ssp/ssp.c
[6]PETSC ERROR: [6] TSStep line 3734 /home/sunder/Software/petsc/src/ts/interface/ts.c
[6]PETSC ERROR: [6] TSSolve line 4044 /home/sunder/Software/petsc/src/ts/interface/ts.c
[6]PETSC ERROR: --------------------- Error Message --------------------------------------------------------------
[6]PETSC ERROR: Signal received
[6]PETSC ERROR: See https://www.mcs.anl.gov/petsc/documentation/faq.html for trouble shooting.
[6]PETSC ERROR: Petsc Release Version 3.14.0, unknown 
[6]PETSC ERROR: ./hype on a arch-linux-c-debug named mecdasik by sunder Wed Jan 12 22:41:06 2022
[6]PETSC ERROR: Configure options --download-metis=1 --download-parmetis=1 --download-superlu_dist=1 --download-mumps=1 --download-scalapack=1 --download-hypre=1
[6]PETSC ERROR: #1 User provided function() line 0 in  unknown file
[mecdasik:247877] 14 more processes have sent help message help-mpi-api.txt / mpi-abort
[mecdasik:247877] Set MCA parameter "orte_base_help_aggregate" to 0 to see all help / error messages
